{"/Users/craig/Developer/Public/mojo-router/lib/index.js":{"path":"/Users/craig/Developer/Public/mojo-router/lib/index.js","s":{"1":1,"2":1,"3":36,"4":36},"b":{},"f":{"1":36},"fnMap":{"1":{"name":"(anonymous_1)","line":3,"loc":{"start":{"line":3,"column":17},"end":{"line":3,"column":32}}}},"statementMap":{"1":{"start":{"line":1,"column":0},"end":{"line":1,"column":33}},"2":{"start":{"line":3,"column":0},"end":{"line":10,"column":2}},"3":{"start":{"line":5,"column":2},"end":{"line":7,"column":5}},"4":{"start":{"line":9,"column":2},"end":{"line":9,"column":11}}},"branchMap":{}},"/Users/craig/Developer/Public/mojo-router/lib/router.js":{"path":"/Users/craig/Developer/Public/mojo-router/lib/router.js","s":{"1":1,"2":1,"3":36,"4":36,"5":36,"6":1,"7":3,"8":4,"9":3,"10":35,"11":1,"12":35,"13":30,"14":30,"15":35,"16":1,"17":35,"18":35,"19":35,"20":3,"21":3,"22":3,"23":32,"24":5,"25":5,"26":5,"27":27,"28":32,"29":32,"30":2,"31":2,"32":30,"33":30,"34":30,"35":30,"36":21,"37":9,"38":30,"39":30,"40":32,"41":32,"42":1},"b":{"1":[1,34],"2":[30,5],"3":[1,34],"4":[3,32],"5":[5,27],"6":[2,30],"7":[32,11],"8":[21,9]},"f":{"1":36,"2":3,"3":35,"4":1,"5":30,"6":30,"7":30,"8":32},"fnMap":{"1":{"name":"Router","line":10,"loc":{"start":{"line":10,"column":0},"end":{"line":10,"column":26}}},"2":{"name":"(anonymous_2)","line":23,"loc":{"start":{"line":23,"column":7},"end":{"line":23,"column":19}}},"3":{"name":"(anonymous_3)","line":33,"loc":{"start":{"line":33,"column":12},"end":{"line":33,"column":43}}},"4":{"name":"(anonymous_4)","line":42,"loc":{"start":{"line":42,"column":22},"end":{"line":42,"column":34}}},"5":{"name":"exit","line":92,"loc":{"start":{"line":92,"column":6},"end":{"line":92,"column":27}}},"6":{"name":"enter","line":98,"loc":{"start":{"line":98,"column":6},"end":{"line":98,"column":28}}},"7":{"name":"(anonymous_7)","line":103,"loc":{"start":{"line":103,"column":6},"end":{"line":103,"column":18}}},"8":{"name":"(anonymous_8)","line":112,"loc":{"start":{"line":112,"column":7},"end":{"line":112,"column":25}}}},"statementMap":{"1":{"start":{"line":1,"column":0},"end":{"line":8,"column":39}},"2":{"start":{"line":10,"column":0},"end":{"line":16,"column":1}},"3":{"start":{"line":12,"column":2},"end":{"line":12,"column":41}},"4":{"start":{"line":14,"column":2},"end":{"line":14,"column":35}},"5":{"start":{"line":15,"column":2},"end":{"line":15,"column":33}},"6":{"start":{"line":18,"column":0},"end":{"line":116,"column":3}},"7":{"start":{"line":24,"column":4},"end":{"line":26,"column":5}},"8":{"start":{"line":25,"column":6},"end":{"line":25,"column":25}},"9":{"start":{"line":27,"column":4},"end":{"line":27,"column":16}},"10":{"start":{"line":35,"column":4},"end":{"line":35,"column":32}},"11":{"start":{"line":35,"column":18},"end":{"line":35,"column":32}},"12":{"start":{"line":37,"column":4},"end":{"line":40,"column":5}},"13":{"start":{"line":38,"column":6},"end":{"line":38,"column":25}},"14":{"start":{"line":39,"column":6},"end":{"line":39,"column":21}},"15":{"start":{"line":42,"column":4},"end":{"line":42,"column":38}},"16":{"start":{"line":42,"column":15},"end":{"line":42,"column":38}},"17":{"start":{"line":45,"column":4},"end":{"line":45,"column":42}},"18":{"start":{"line":48,"column":4},"end":{"line":48,"column":46}},"19":{"start":{"line":51,"column":4},"end":{"line":55,"column":5}},"20":{"start":{"line":52,"column":6},"end":{"line":52,"column":63}},"21":{"start":{"line":53,"column":6},"end":{"line":53,"column":30}},"22":{"start":{"line":54,"column":6},"end":{"line":54,"column":23}},"23":{"start":{"line":59,"column":4},"end":{"line":71,"column":5}},"24":{"start":{"line":62,"column":6},"end":{"line":62,"column":73}},"25":{"start":{"line":65,"column":6},"end":{"line":65,"column":39}},"26":{"start":{"line":66,"column":6},"end":{"line":66,"column":40}},"27":{"start":{"line":70,"column":6},"end":{"line":70,"column":61}},"28":{"start":{"line":73,"column":4},"end":{"line":74,"column":45}},"29":{"start":{"line":77,"column":4},"end":{"line":80,"column":5}},"30":{"start":{"line":78,"column":6},"end":{"line":78,"column":55}},"31":{"start":{"line":79,"column":6},"end":{"line":79,"column":37}},"32":{"start":{"line":82,"column":4},"end":{"line":85,"column":7}},"33":{"start":{"line":87,"column":4},"end":{"line":87,"column":37}},"34":{"start":{"line":89,"column":4},"end":{"line":106,"column":7}},"35":{"start":{"line":93,"column":8},"end":{"line":93,"column":40}},"36":{"start":{"line":93,"column":26},"end":{"line":93,"column":40}},"37":{"start":{"line":94,"column":8},"end":{"line":94,"column":49}},"38":{"start":{"line":99,"column":8},"end":{"line":99,"column":49}},"39":{"start":{"line":104,"column":8},"end":{"line":104,"column":31}},"40":{"start":{"line":113,"column":4},"end":{"line":113,"column":28}},"41":{"start":{"line":114,"column":4},"end":{"line":114,"column":16}},"42":{"start":{"line":119,"column":0},"end":{"line":119,"column":24}}},"branchMap":{"1":{"line":35,"type":"if","locations":[{"start":{"line":35,"column":4},"end":{"line":35,"column":4}},{"start":{"line":35,"column":4},"end":{"line":35,"column":4}}]},"2":{"line":37,"type":"if","locations":[{"start":{"line":37,"column":4},"end":{"line":37,"column":4}},{"start":{"line":37,"column":4},"end":{"line":37,"column":4}}]},"3":{"line":42,"type":"if","locations":[{"start":{"line":42,"column":4},"end":{"line":42,"column":4}},{"start":{"line":42,"column":4},"end":{"line":42,"column":4}}]},"4":{"line":51,"type":"if","locations":[{"start":{"line":51,"column":4},"end":{"line":51,"column":4}},{"start":{"line":51,"column":4},"end":{"line":51,"column":4}}]},"5":{"line":59,"type":"if","locations":[{"start":{"line":59,"column":4},"end":{"line":59,"column":4}},{"start":{"line":59,"column":4},"end":{"line":59,"column":4}}]},"6":{"line":77,"type":"if","locations":[{"start":{"line":77,"column":4},"end":{"line":77,"column":4}},{"start":{"line":77,"column":4},"end":{"line":77,"column":4}}]},"7":{"line":77,"type":"binary-expr","locations":[{"start":{"line":77,"column":8},"end":{"line":77,"column":19}},{"start":{"line":77,"column":23},"end":{"line":77,"column":53}}]},"8":{"line":93,"type":"if","locations":[{"start":{"line":93,"column":8},"end":{"line":93,"column":8}},{"start":{"line":93,"column":8},"end":{"line":93,"column":8}}]}}},"/Users/craig/Developer/Public/mojo-router/lib/request.js":{"path":"/Users/craig/Developer/Public/mojo-router/lib/request.js","s":{"1":1,"2":1,"3":32,"4":32,"5":32,"6":32,"7":1,"8":11,"9":9,"10":2,"11":1},"b":{"1":[32,4],"2":[32,2],"3":[9,2]},"f":{"1":32,"2":11},"fnMap":{"1":{"name":"Request","line":3,"loc":{"start":{"line":3,"column":0},"end":{"line":3,"column":27}}},"2":{"name":"(anonymous_2)","line":14,"loc":{"start":{"line":14,"column":10},"end":{"line":14,"column":29}}}},"statementMap":{"1":{"start":{"line":1,"column":0},"end":{"line":1,"column":35}},"2":{"start":{"line":3,"column":0},"end":{"line":10,"column":1}},"3":{"start":{"line":5,"column":2},"end":{"line":5,"column":35}},"4":{"start":{"line":7,"column":2},"end":{"line":7,"column":35}},"5":{"start":{"line":8,"column":2},"end":{"line":8,"column":60}},"6":{"start":{"line":9,"column":2},"end":{"line":9,"column":60}},"7":{"start":{"line":12,"column":0},"end":{"line":18,"column":3}},"8":{"start":{"line":15,"column":4},"end":{"line":15,"column":57}},"9":{"start":{"line":15,"column":44},"end":{"line":15,"column":57}},"10":{"start":{"line":16,"column":4},"end":{"line":16,"column":16}},"11":{"start":{"line":21,"column":0},"end":{"line":21,"column":25}}},"branchMap":{"1":{"line":8,"type":"binary-expr","locations":[{"start":{"line":8,"column":38},"end":{"line":8,"column":51}},{"start":{"line":8,"column":56},"end":{"line":8,"column":58}}]},"2":{"line":9,"type":"binary-expr","locations":[{"start":{"line":9,"column":38},"end":{"line":9,"column":52}},{"start":{"line":9,"column":56},"end":{"line":9,"column":58}}]},"3":{"line":15,"type":"if","locations":[{"start":{"line":15,"column":4},"end":{"line":15,"column":4}},{"start":{"line":15,"column":4},"end":{"line":15,"column":4}}]}}},"/Users/craig/Developer/Public/mojo-router/lib/routes.js":{"path":"/Users/craig/Developer/Public/mojo-router/lib/routes.js","s":{"1":1,"2":1,"3":36,"4":36,"5":36,"6":1,"7":115,"8":62,"9":53,"10":32,"11":53,"12":85,"13":83,"14":83,"15":83,"16":53,"17":53,"18":14,"19":53,"20":115,"21":115,"22":49,"23":53,"24":150,"25":150,"26":51,"27":99,"28":40,"29":59,"30":148,"31":148,"32":10,"33":138,"34":4,"35":45,"36":1},"b":{"1":[62,53],"2":[32,21],"3":[83,2],"4":[83,53],"5":[49,66],"6":[51,99],"7":[40,59],"8":[10,138],"9":[4,134]},"f":{"1":36,"2":115,"3":14,"4":53,"5":53,"6":150},"fnMap":{"1":{"name":"Routes","line":5,"loc":{"start":{"line":5,"column":0},"end":{"line":5,"column":25}}},"2":{"name":"(anonymous_2)","line":16,"loc":{"start":{"line":16,"column":7},"end":{"line":16,"column":33}}},"3":{"name":"(anonymous_3)","line":43,"loc":{"start":{"line":43,"column":7},"end":{"line":43,"column":19}}},"4":{"name":"(anonymous_4)","line":50,"loc":{"start":{"line":50,"column":8},"end":{"line":50,"column":25}}},"5":{"name":"(anonymous_5)","line":60,"loc":{"start":{"line":60,"column":11},"end":{"line":60,"column":23}}},"6":{"name":"(anonymous_6)","line":61,"loc":{"start":{"line":61,"column":37},"end":{"line":61,"column":53}}}},"statementMap":{"1":{"start":{"line":1,"column":0},"end":{"line":3,"column":39}},"2":{"start":{"line":5,"column":0},"end":{"line":9,"column":1}},"3":{"start":{"line":6,"column":2},"end":{"line":6,"column":23}},"4":{"start":{"line":7,"column":2},"end":{"line":7,"column":27}},"5":{"start":{"line":8,"column":2},"end":{"line":8,"column":37}},"6":{"start":{"line":11,"column":0},"end":{"line":83,"column":3}},"7":{"start":{"line":18,"column":4},"end":{"line":18,"column":24}},"8":{"start":{"line":18,"column":17},"end":{"line":18,"column":24}},"9":{"start":{"line":19,"column":4},"end":{"line":19,"column":82}},"10":{"start":{"line":19,"column":17},"end":{"line":19,"column":82}},"11":{"start":{"line":21,"column":4},"end":{"line":33,"column":5}},"12":{"start":{"line":22,"column":6},"end":{"line":32,"column":7}},"13":{"start":{"line":24,"column":8},"end":{"line":26,"column":14}},"14":{"start":{"line":28,"column":8},"end":{"line":28,"column":110}},"15":{"start":{"line":31,"column":8},"end":{"line":31,"column":45}},"16":{"start":{"line":35,"column":4},"end":{"line":35,"column":19}},"17":{"start":{"line":37,"column":4},"end":{"line":37,"column":16}},"18":{"start":{"line":44,"column":4},"end":{"line":44,"column":24}},"19":{"start":{"line":51,"column":4},"end":{"line":54,"column":5}},"20":{"start":{"line":52,"column":6},"end":{"line":52,"column":34}},"21":{"start":{"line":53,"column":6},"end":{"line":53,"column":43}},"22":{"start":{"line":53,"column":30},"end":{"line":53,"column":43}},"23":{"start":{"line":61,"column":4},"end":{"line":81,"column":7}},"24":{"start":{"line":63,"column":6},"end":{"line":64,"column":37}},"25":{"start":{"line":66,"column":6},"end":{"line":70,"column":7}},"26":{"start":{"line":67,"column":8},"end":{"line":67,"column":18}},"27":{"start":{"line":68,"column":13},"end":{"line":70,"column":7}},"28":{"start":{"line":69,"column":8},"end":{"line":69,"column":17}},"29":{"start":{"line":72,"column":6},"end":{"line":78,"column":7}},"30":{"start":{"line":73,"column":8},"end":{"line":74,"column":24}},"31":{"start":{"line":76,"column":8},"end":{"line":76,"column":48}},"32":{"start":{"line":76,"column":38},"end":{"line":76,"column":48}},"33":{"start":{"line":77,"column":8},"end":{"line":77,"column":47}},"34":{"start":{"line":77,"column":38},"end":{"line":77,"column":47}},"35":{"start":{"line":80,"column":6},"end":{"line":80,"column":15}},"36":{"start":{"line":86,"column":0},"end":{"line":86,"column":24}}},"branchMap":{"1":{"line":18,"type":"if","locations":[{"start":{"line":18,"column":4},"end":{"line":18,"column":4}},{"start":{"line":18,"column":4},"end":{"line":18,"column":4}}]},"2":{"line":19,"type":"if","locations":[{"start":{"line":19,"column":4},"end":{"line":19,"column":4}},{"start":{"line":19,"column":4},"end":{"line":19,"column":4}}]},"3":{"line":22,"type":"if","locations":[{"start":{"line":22,"column":6},"end":{"line":22,"column":6}},{"start":{"line":22,"column":6},"end":{"line":22,"column":6}}]},"4":{"line":25,"type":"binary-expr","locations":[{"start":{"line":25,"column":21},"end":{"line":25,"column":36}},{"start":{"line":25,"column":40},"end":{"line":25,"column":42}}]},"5":{"line":53,"type":"if","locations":[{"start":{"line":53,"column":6},"end":{"line":53,"column":6}},{"start":{"line":53,"column":6},"end":{"line":53,"column":6}}]},"6":{"line":66,"type":"if","locations":[{"start":{"line":66,"column":6},"end":{"line":66,"column":6}},{"start":{"line":66,"column":6},"end":{"line":66,"column":6}}]},"7":{"line":68,"type":"if","locations":[{"start":{"line":68,"column":13},"end":{"line":68,"column":13}},{"start":{"line":68,"column":13},"end":{"line":68,"column":13}}]},"8":{"line":76,"type":"if","locations":[{"start":{"line":76,"column":8},"end":{"line":76,"column":8}},{"start":{"line":76,"column":8},"end":{"line":76,"column":8}}]},"9":{"line":77,"type":"if","locations":[{"start":{"line":77,"column":8},"end":{"line":77,"column":8}},{"start":{"line":77,"column":8},"end":{"line":77,"column":8}}]}}},"/Users/craig/Developer/Public/mojo-router/lib/route.js":{"path":"/Users/craig/Developer/Public/mojo-router/lib/route.js","s":{"1":1,"2":1,"3":115,"4":115,"5":115,"6":115,"7":115,"8":115,"9":115,"10":115,"11":1,"12":75,"13":22,"14":115,"15":66,"16":49,"17":27,"18":27,"19":27,"20":68,"21":68,"22":3,"23":27,"24":5,"25":5,"26":6,"27":5,"28":115,"29":115,"30":32,"31":83,"32":83,"33":83,"34":83,"35":14,"36":1},"b":{"1":[66,49],"2":[115,115],"3":[3,65],"4":[115,75],"5":[32,83],"6":[83,71]},"f":{"1":115,"2":75,"3":22,"4":115,"5":27,"6":5,"7":115,"8":115},"fnMap":{"1":{"name":"Route","line":6,"loc":{"start":{"line":6,"column":0},"end":{"line":6,"column":51}}},"2":{"name":"(anonymous_2)","line":25,"loc":{"start":{"line":25,"column":9},"end":{"line":25,"column":34}}},"3":{"name":"(anonymous_3)","line":32,"loc":{"start":{"line":32,"column":8},"end":{"line":32,"column":33}}},"4":{"name":"(anonymous_4)","line":39,"loc":{"start":{"line":39,"column":9},"end":{"line":39,"column":26}}},"5":{"name":"(anonymous_5)","line":47,"loc":{"start":{"line":47,"column":13},"end":{"line":47,"column":32}}},"6":{"name":"(anonymous_6)","line":70,"loc":{"start":{"line":70,"column":25},"end":{"line":70,"column":43}}},"7":{"name":"(anonymous_7)","line":83,"loc":{"start":{"line":83,"column":14},"end":{"line":83,"column":34}}},"8":{"name":"(anonymous_8)","line":90,"loc":{"start":{"line":90,"column":16},"end":{"line":90,"column":28}}}},"statementMap":{"1":{"start":{"line":1,"column":0},"end":{"line":4,"column":35}},"2":{"start":{"line":6,"column":0},"end":{"line":18,"column":1}},"3":{"start":{"line":8,"column":2},"end":{"line":8,"column":35}},"4":{"start":{"line":10,"column":2},"end":{"line":10,"column":27}},"5":{"start":{"line":11,"column":2},"end":{"line":11,"column":25}},"6":{"start":{"line":12,"column":2},"end":{"line":12,"column":26}},"7":{"start":{"line":13,"column":2},"end":{"line":13,"column":25}},"8":{"start":{"line":14,"column":2},"end":{"line":14,"column":32}},"9":{"start":{"line":16,"column":2},"end":{"line":16,"column":29}},"10":{"start":{"line":17,"column":2},"end":{"line":17,"column":22}},"11":{"start":{"line":20,"column":0},"end":{"line":103,"column":3}},"12":{"start":{"line":26,"column":4},"end":{"line":26,"column":50}},"13":{"start":{"line":33,"column":4},"end":{"line":33,"column":49}},"14":{"start":{"line":40,"column":4},"end":{"line":40,"column":73}},"15":{"start":{"line":40,"column":60},"end":{"line":40,"column":73}},"16":{"start":{"line":41,"column":4},"end":{"line":41,"column":16}},"17":{"start":{"line":49,"column":4},"end":{"line":49,"column":34}},"18":{"start":{"line":51,"column":4},"end":{"line":53,"column":16}},"19":{"start":{"line":55,"column":4},"end":{"line":62,"column":5}},"20":{"start":{"line":57,"column":6},"end":{"line":57,"column":35}},"21":{"start":{"line":59,"column":6},"end":{"line":61,"column":7}},"22":{"start":{"line":60,"column":8},"end":{"line":60,"column":49}},"23":{"start":{"line":64,"column":4},"end":{"line":64,"column":18}},"24":{"start":{"line":71,"column":4},"end":{"line":71,"column":33}},"25":{"start":{"line":73,"column":4},"end":{"line":75,"column":5}},"26":{"start":{"line":74,"column":6},"end":{"line":74,"column":58}},"27":{"start":{"line":77,"column":4},"end":{"line":77,"column":20}},"28":{"start":{"line":84,"column":4},"end":{"line":84,"column":77}},"29":{"start":{"line":91,"column":4},"end":{"line":91,"column":31}},"30":{"start":{"line":91,"column":24},"end":{"line":91,"column":31}},"31":{"start":{"line":93,"column":4},"end":{"line":93,"column":90}},"32":{"start":{"line":95,"column":4},"end":{"line":95,"column":61}},"33":{"start":{"line":97,"column":4},"end":{"line":97,"column":21}},"34":{"start":{"line":99,"column":4},"end":{"line":101,"column":5}},"35":{"start":{"line":100,"column":6},"end":{"line":100,"column":48}},"36":{"start":{"line":106,"column":0},"end":{"line":106,"column":23}}},"branchMap":{"1":{"line":40,"type":"if","locations":[{"start":{"line":40,"column":4},"end":{"line":40,"column":4}},{"start":{"line":40,"column":4},"end":{"line":40,"column":4}}]},"2":{"line":40,"type":"binary-expr","locations":[{"start":{"line":40,"column":8},"end":{"line":40,"column":22}},{"start":{"line":40,"column":26},"end":{"line":40,"column":58}}]},"3":{"line":59,"type":"if","locations":[{"start":{"line":59,"column":6},"end":{"line":59,"column":6}},{"start":{"line":59,"column":6},"end":{"line":59,"column":6}}]},"4":{"line":84,"type":"binary-expr","locations":[{"start":{"line":84,"column":11},"end":{"line":84,"column":42}},{"start":{"line":84,"column":46},"end":{"line":84,"column":76}}]},"5":{"line":91,"type":"if","locations":[{"start":{"line":91,"column":4},"end":{"line":91,"column":4}},{"start":{"line":91,"column":4},"end":{"line":91,"column":4}}]},"6":{"line":95,"type":"binary-expr","locations":[{"start":{"line":95,"column":21},"end":{"line":95,"column":54}},{"start":{"line":95,"column":58},"end":{"line":95,"column":60}}]}}},"/Users/craig/Developer/Public/mojo-router/lib/decorators/index.js":{"path":"/Users/craig/Developer/Public/mojo-router/lib/decorators/index.js","s":{"1":1,"2":1,"3":36,"4":1,"5":1,"6":115,"7":347,"8":347,"9":202,"10":115,"11":1},"b":{"1":[202,145]},"f":{"1":36,"2":1,"3":115},"fnMap":{"1":{"name":"Decorators","line":8,"loc":{"start":{"line":8,"column":0},"end":{"line":8,"column":23}}},"2":{"name":"(anonymous_2)","line":14,"loc":{"start":{"line":14,"column":7},"end":{"line":14,"column":28}}},"3":{"name":"(anonymous_3)","line":17,"loc":{"start":{"line":17,"column":12},"end":{"line":17,"column":29}}}},"statementMap":{"1":{"start":{"line":1,"column":0},"end":{"line":6,"column":2}},"2":{"start":{"line":8,"column":0},"end":{"line":10,"column":1}},"3":{"start":{"line":9,"column":2},"end":{"line":9,"column":48}},"4":{"start":{"line":13,"column":0},"end":{"line":28,"column":3}},"5":{"start":{"line":15,"column":4},"end":{"line":15,"column":37}},"6":{"start":{"line":19,"column":4},"end":{"line":24,"column":5}},"7":{"start":{"line":20,"column":6},"end":{"line":20,"column":42}},"8":{"start":{"line":21,"column":6},"end":{"line":23,"column":7}},"9":{"start":{"line":22,"column":8},"end":{"line":22,"column":34}},"10":{"start":{"line":26,"column":4},"end":{"line":26,"column":17}},"11":{"start":{"line":30,"column":0},"end":{"line":30,"column":28}}},"branchMap":{"1":{"line":21,"type":"if","locations":[{"start":{"line":21,"column":6},"end":{"line":21,"column":6}},{"start":{"line":21,"column":6},"end":{"line":21,"column":6}}]}}},"/Users/craig/Developer/Public/mojo-router/lib/decorators/enterExit.js":{"path":"/Users/craig/Developer/Public/mojo-router/lib/decorators/enterExit.js","s":{"1":1,"2":1,"3":115,"4":115,"5":115,"6":75,"7":64,"8":11,"9":12,"10":115,"11":22,"12":16,"13":6,"14":7},"b":{"1":[64,11],"2":[16,6]},"f":{"1":115,"2":115,"3":75,"4":12,"5":22,"6":7},"fnMap":{"1":{"name":"(anonymous_1)","line":5,"loc":{"start":{"line":5,"column":8},"end":{"line":5,"column":25}}},"2":{"name":"(anonymous_2)","line":8,"loc":{"start":{"line":8,"column":12},"end":{"line":8,"column":29}}},"3":{"name":"(anonymous_3)","line":13,"loc":{"start":{"line":13,"column":31},"end":{"line":13,"column":56}}},"4":{"name":"(anonymous_4)","line":15,"loc":{"start":{"line":15,"column":30},"end":{"line":15,"column":53}}},"5":{"name":"(anonymous_5)","line":20,"loc":{"start":{"line":20,"column":30},"end":{"line":20,"column":55}}},"6":{"name":"(anonymous_6)","line":22,"loc":{"start":{"line":22,"column":29},"end":{"line":22,"column":51}}}},"statementMap":{"1":{"start":{"line":1,"column":0},"end":{"line":2,"column":31}},"2":{"start":{"line":4,"column":0},"end":{"line":28,"column":0}},"3":{"start":{"line":6,"column":4},"end":{"line":6,"column":16}},"4":{"start":{"line":10,"column":4},"end":{"line":11,"column":44}},"5":{"start":{"line":13,"column":4},"end":{"line":18,"column":7}},"6":{"start":{"line":14,"column":6},"end":{"line":14,"column":39}},"7":{"start":{"line":14,"column":25},"end":{"line":14,"column":39}},"8":{"start":{"line":15,"column":6},"end":{"line":17,"column":15}},"9":{"start":{"line":16,"column":8},"end":{"line":16,"column":34}},"10":{"start":{"line":20,"column":4},"end":{"line":25,"column":7}},"11":{"start":{"line":21,"column":6},"end":{"line":21,"column":38}},"12":{"start":{"line":21,"column":24},"end":{"line":21,"column":38}},"13":{"start":{"line":22,"column":6},"end":{"line":24,"column":15}},"14":{"start":{"line":23,"column":8},"end":{"line":23,"column":33}}},"branchMap":{"1":{"line":14,"type":"if","locations":[{"start":{"line":14,"column":6},"end":{"line":14,"column":6}},{"start":{"line":14,"column":6},"end":{"line":14,"column":6}}]},"2":{"line":21,"type":"if","locations":[{"start":{"line":21,"column":6},"end":{"line":21,"column":6}},{"start":{"line":21,"column":6},"end":{"line":21,"column":6}}]}}},"/Users/craig/Developer/Public/mojo-router/lib/decorators/parentEnterExit.js":{"path":"/Users/craig/Developer/Public/mojo-router/lib/decorators/parentEnterExit.js","s":{"1":1,"2":115,"3":83,"4":83,"5":45,"6":83,"7":13},"b":{},"f":{"1":115,"2":83,"3":45,"4":13},"fnMap":{"1":{"name":"(anonymous_1)","line":2,"loc":{"start":{"line":2,"column":8},"end":{"line":2,"column":25}}},"2":{"name":"(anonymous_2)","line":5,"loc":{"start":{"line":5,"column":12},"end":{"line":5,"column":29}}},"3":{"name":"(anonymous_3)","line":7,"loc":{"start":{"line":7,"column":35},"end":{"line":7,"column":60}}},"4":{"name":"(anonymous_4)","line":10,"loc":{"start":{"line":10,"column":34},"end":{"line":10,"column":59}}}},"statementMap":{"1":{"start":{"line":1,"column":0},"end":{"line":15,"column":0}},"2":{"start":{"line":3,"column":4},"end":{"line":3,"column":26}},"3":{"start":{"line":6,"column":4},"end":{"line":6,"column":25}},"4":{"start":{"line":7,"column":4},"end":{"line":9,"column":7}},"5":{"start":{"line":8,"column":6},"end":{"line":8,"column":34}},"6":{"start":{"line":10,"column":4},"end":{"line":12,"column":7}},"7":{"start":{"line":11,"column":6},"end":{"line":11,"column":33}}},"branchMap":{}},"/Users/craig/Developer/Public/mojo-router/lib/decorators/states.js":{"path":"/Users/craig/Developer/Public/mojo-router/lib/decorators/states.js","s":{"1":1,"2":1,"3":115,"4":4,"5":4,"6":3,"7":2,"8":3,"9":4,"10":3,"11":4},"b":{"1":[2,1]},"f":{"1":115,"2":4,"3":3},"fnMap":{"1":{"name":"(anonymous_1)","line":6,"loc":{"start":{"line":6,"column":8},"end":{"line":6,"column":25}}},"2":{"name":"(anonymous_2)","line":9,"loc":{"start":{"line":9,"column":12},"end":{"line":9,"column":29}}},"3":{"name":"(anonymous_3)","line":14,"loc":{"start":{"line":14,"column":36},"end":{"line":14,"column":61}}}},"statementMap":{"1":{"start":{"line":1,"column":0},"end":{"line":3,"column":34}},"2":{"start":{"line":5,"column":0},"end":{"line":29,"column":0}},"3":{"start":{"line":7,"column":4},"end":{"line":7,"column":32}},"4":{"start":{"line":10,"column":4},"end":{"line":11,"column":30}},"5":{"start":{"line":14,"column":4},"end":{"line":24,"column":7}},"6":{"start":{"line":16,"column":6},"end":{"line":18,"column":7}},"7":{"start":{"line":17,"column":8},"end":{"line":17,"column":58}},"8":{"start":{"line":20,"column":6},"end":{"line":22,"column":7}},"9":{"start":{"line":21,"column":8},"end":{"line":21,"column":55}},"10":{"start":{"line":23,"column":6},"end":{"line":23,"column":13}},"11":{"start":{"line":26,"column":4},"end":{"line":26,"column":72}}},"branchMap":{"1":{"line":16,"type":"if","locations":[{"start":{"line":16,"column":6},"end":{"line":16,"column":6}},{"start":{"line":16,"column":6},"end":{"line":16,"column":6}}]}}}}