TN:
SF:/Users/craig/Developer/Public/mojo-router/lib/index.js
FN:3,(anonymous_1)
FNF:1
FNH:1
FNDA:36,(anonymous_1)
DA:1,1
DA:3,1
DA:5,36
DA:9,36
LF:4
LH:4
BRF:0
BRH:0
end_of_record
TN:
SF:/Users/craig/Developer/Public/mojo-router/lib/router.js
FN:10,Router
FN:23,(anonymous_2)
FN:33,(anonymous_3)
FN:42,(anonymous_4)
FN:92,exit
FN:98,enter
FN:103,(anonymous_7)
FN:112,(anonymous_8)
FNF:8
FNH:8
FNDA:36,Router
FNDA:3,(anonymous_2)
FNDA:35,(anonymous_3)
FNDA:1,(anonymous_4)
FNDA:30,exit
FNDA:30,enter
FNDA:30,(anonymous_7)
FNDA:32,(anonymous_8)
DA:1,1
DA:10,1
DA:12,36
DA:14,36
DA:15,36
DA:18,1
DA:24,3
DA:25,4
DA:27,3
DA:35,35
DA:37,35
DA:38,30
DA:39,30
DA:42,35
DA:45,35
DA:48,35
DA:51,35
DA:52,3
DA:53,3
DA:54,3
DA:59,32
DA:62,5
DA:65,5
DA:66,5
DA:70,27
DA:73,32
DA:77,32
DA:78,2
DA:79,2
DA:82,30
DA:87,30
DA:89,30
DA:93,30
DA:94,9
DA:99,30
DA:104,30
DA:113,32
DA:114,32
DA:119,1
LF:39
LH:39
BRDA:35,1,0,1
BRDA:35,1,1,34
BRDA:37,2,0,30
BRDA:37,2,1,5
BRDA:42,3,0,1
BRDA:42,3,1,34
BRDA:51,4,0,3
BRDA:51,4,1,32
BRDA:59,5,0,5
BRDA:59,5,1,27
BRDA:77,6,0,2
BRDA:77,6,1,30
BRDA:77,7,0,32
BRDA:77,7,1,11
BRDA:93,8,0,21
BRDA:93,8,1,9
BRF:16
BRH:16
end_of_record
TN:
SF:/Users/craig/Developer/Public/mojo-router/lib/request.js
FN:3,Request
FN:14,(anonymous_2)
FNF:2
FNH:2
FNDA:32,Request
FNDA:11,(anonymous_2)
DA:1,1
DA:3,1
DA:5,32
DA:7,32
DA:8,32
DA:9,32
DA:12,1
DA:15,11
DA:16,2
DA:21,1
LF:10
LH:10
BRDA:8,1,0,32
BRDA:8,1,1,4
BRDA:9,2,0,32
BRDA:9,2,1,2
BRDA:15,3,0,9
BRDA:15,3,1,2
BRF:6
BRH:6
end_of_record
TN:
SF:/Users/craig/Developer/Public/mojo-router/lib/routes.js
FN:5,Routes
FN:16,(anonymous_2)
FN:43,(anonymous_3)
FN:50,(anonymous_4)
FN:60,(anonymous_5)
FN:61,(anonymous_6)
FNF:6
FNH:6
FNDA:36,Routes
FNDA:115,(anonymous_2)
FNDA:14,(anonymous_3)
FNDA:53,(anonymous_4)
FNDA:53,(anonymous_5)
FNDA:150,(anonymous_6)
DA:1,1
DA:5,1
DA:6,36
DA:7,36
DA:8,36
DA:11,1
DA:18,115
DA:19,53
DA:21,53
DA:22,85
DA:24,83
DA:28,83
DA:31,83
DA:35,53
DA:37,53
DA:44,14
DA:51,53
DA:52,115
DA:53,115
DA:61,53
DA:63,150
DA:66,150
DA:67,51
DA:68,99
DA:69,40
DA:72,59
DA:73,148
DA:76,148
DA:77,138
DA:80,45
DA:86,1
LF:31
LH:31
BRDA:18,1,0,62
BRDA:18,1,1,53
BRDA:19,2,0,32
BRDA:19,2,1,21
BRDA:22,3,0,83
BRDA:22,3,1,2
BRDA:25,4,0,83
BRDA:25,4,1,53
BRDA:53,5,0,49
BRDA:53,5,1,66
BRDA:66,6,0,51
BRDA:66,6,1,99
BRDA:68,7,0,40
BRDA:68,7,1,59
BRDA:76,8,0,10
BRDA:76,8,1,138
BRDA:77,9,0,4
BRDA:77,9,1,134
BRF:18
BRH:18
end_of_record
TN:
SF:/Users/craig/Developer/Public/mojo-router/lib/route.js
FN:6,Route
FN:25,(anonymous_2)
FN:32,(anonymous_3)
FN:39,(anonymous_4)
FN:47,(anonymous_5)
FN:70,(anonymous_6)
FN:83,(anonymous_7)
FN:90,(anonymous_8)
FNF:8
FNH:8
FNDA:115,Route
FNDA:75,(anonymous_2)
FNDA:22,(anonymous_3)
FNDA:115,(anonymous_4)
FNDA:27,(anonymous_5)
FNDA:5,(anonymous_6)
FNDA:115,(anonymous_7)
FNDA:115,(anonymous_8)
DA:1,1
DA:6,1
DA:8,115
DA:10,115
DA:11,115
DA:12,115
DA:13,115
DA:14,115
DA:16,115
DA:17,115
DA:20,1
DA:26,75
DA:33,22
DA:40,115
DA:41,49
DA:49,27
DA:51,27
DA:55,27
DA:57,68
DA:59,68
DA:60,3
DA:64,27
DA:71,5
DA:73,5
DA:74,6
DA:77,5
DA:84,115
DA:91,115
DA:93,83
DA:95,83
DA:97,83
DA:99,83
DA:100,14
DA:106,1
LF:34
LH:34
BRDA:40,1,0,66
BRDA:40,1,1,49
BRDA:40,2,0,115
BRDA:40,2,1,115
BRDA:59,3,0,3
BRDA:59,3,1,65
BRDA:84,4,0,115
BRDA:84,4,1,75
BRDA:91,5,0,32
BRDA:91,5,1,83
BRDA:95,6,0,83
BRDA:95,6,1,71
BRF:12
BRH:12
end_of_record
TN:
SF:/Users/craig/Developer/Public/mojo-router/lib/decorators/index.js
FN:8,Decorators
FN:14,(anonymous_2)
FN:17,(anonymous_3)
FNF:3
FNH:3
FNDA:36,Decorators
FNDA:1,(anonymous_2)
FNDA:115,(anonymous_3)
DA:1,1
DA:8,1
DA:9,36
DA:13,1
DA:15,1
DA:19,115
DA:20,347
DA:21,347
DA:22,202
DA:26,115
DA:30,1
LF:11
LH:11
BRDA:21,1,0,202
BRDA:21,1,1,145
BRF:2
BRH:2
end_of_record
TN:
SF:/Users/craig/Developer/Public/mojo-router/lib/decorators/enterExit.js
FN:5,(anonymous_1)
FN:8,(anonymous_2)
FN:13,(anonymous_3)
FN:15,(anonymous_4)
FN:20,(anonymous_5)
FN:22,(anonymous_6)
FNF:6
FNH:6
FNDA:115,(anonymous_1)
FNDA:115,(anonymous_2)
FNDA:75,(anonymous_3)
FNDA:12,(anonymous_4)
FNDA:22,(anonymous_5)
FNDA:7,(anonymous_6)
DA:1,1
DA:4,1
DA:6,115
DA:10,115
DA:13,115
DA:14,75
DA:15,11
DA:16,12
DA:20,115
DA:21,22
DA:22,6
DA:23,7
LF:12
LH:12
BRDA:14,1,0,64
BRDA:14,1,1,11
BRDA:21,2,0,16
BRDA:21,2,1,6
BRF:4
BRH:4
end_of_record
TN:
SF:/Users/craig/Developer/Public/mojo-router/lib/decorators/parentEnterExit.js
FN:2,(anonymous_1)
FN:5,(anonymous_2)
FN:7,(anonymous_3)
FN:10,(anonymous_4)
FNF:4
FNH:4
FNDA:115,(anonymous_1)
FNDA:83,(anonymous_2)
FNDA:45,(anonymous_3)
FNDA:13,(anonymous_4)
DA:1,1
DA:3,115
DA:6,83
DA:7,83
DA:8,45
DA:10,83
DA:11,13
LF:7
LH:7
BRF:0
BRH:0
end_of_record
TN:
SF:/Users/craig/Developer/Public/mojo-router/lib/decorators/states.js
FN:6,(anonymous_1)
FN:9,(anonymous_2)
FN:14,(anonymous_3)
FNF:3
FNH:3
FNDA:115,(anonymous_1)
FNDA:4,(anonymous_2)
FNDA:3,(anonymous_3)
DA:1,1
DA:5,1
DA:7,115
DA:10,4
DA:14,4
DA:16,3
DA:17,2
DA:20,3
DA:21,4
DA:23,3
DA:26,4
LF:11
LH:11
BRDA:16,1,0,2
BRDA:16,1,1,1
BRF:2
BRH:2
end_of_record
